<?xml version="1.0" encoding="UTF-8" ?>
<testsuite tests="4" failures="0" name="com.njuse.seecjvm.InterpreterTest" time="1.336" errors="1" skipped="0">
  <properties>
    <property name="java.runtime.name" value="Java(TM) SE Runtime Environment"/>
    <property name="sun.boot.library.path" value="C:\Program Files\Java\jdk1.8.0_251\jre\bin"/>
    <property name="java.vm.version" value="25.251-b08"/>
    <property name="java.vm.vendor" value="Oracle Corporation"/>
    <property name="maven.multiModuleProjectDirectory" value="D:\git_java\JVM-05\266-jvvm_05_instructions"/>
    <property name="java.vendor.url" value="http://java.oracle.com/"/>
    <property name="path.separator" value=";"/>
    <property name="guice.disable.misplaced.annotation.check" value="true"/>
    <property name="java.vm.name" value="Java HotSpot(TM) 64-Bit Server VM"/>
    <property name="file.encoding.pkg" value="sun.io"/>
    <property name="user.script" value=""/>
    <property name="user.country" value="CN"/>
    <property name="sun.java.launcher" value="SUN_STANDARD"/>
    <property name="sun.os.patch.level" value=""/>
    <property name="java.vm.specification.name" value="Java Virtual Machine Specification"/>
    <property name="user.dir" value="D:\git_java\JVM-05\266-jvvm_05_instructions"/>
    <property name="java.runtime.version" value="1.8.0_251-b08"/>
    <property name="java.awt.graphicsenv" value="sun.awt.Win32GraphicsEnvironment"/>
    <property name="java.endorsed.dirs" value="C:\Program Files\Java\jdk1.8.0_251\jre\lib\endorsed"/>
    <property name="os.arch" value="amd64"/>
    <property name="java.io.tmpdir" value="C:\Users\夏宇\AppData\Local\Temp\"/>
    <property name="line.separator" value="
"/>
    <property name="java.vm.specification.vendor" value="Oracle Corporation"/>
    <property name="user.variant" value=""/>
    <property name="os.name" value="Windows 10"/>
    <property name="maven.ext.class.path" value="D:\microsoft internet download\Intellij IDEA\IntelliJ IDEA Community Edition 2019.3.1\plugins\maven\lib\maven-event-listener.jar"/>
    <property name="classworlds.conf" value="D:\microsoft internet download\Intellij IDEA\IntelliJ IDEA Community Edition 2019.3.1\plugins\maven\lib\maven3\bin\m2.conf"/>
    <property name="sun.jnu.encoding" value="GBK"/>
    <property name="java.library.path" value="C:\Program Files\Java\jdk1.8.0_251\bin;C:\Windows\Sun\Java\bin;C:\Windows\system32;C:\Windows;C:\Program Files (x86)\Common Files\Oracle\Java\javapath;C:\Windows\system32;C:\Windows;C:\Windows\System32\Wbem;C:\Windows\System32\WindowsPowerShell\v1.0\;C:\Windows\System32\OpenSSH\;C:\Program Files\Java\jdk1.8.0_251\jre\bin;C:\Program Files\Java\jdk1.8.0_251\bin;D:\microsoft internet download\GIT\Git\cmd;D:\ANACONDA;D:\ANACONDA\Library\mingw-w64\bin;D:\ANACONDA\Library\usr\bin;D:\ANACONDA\Library\bin;D:\ANACONDA\Scripts;C:\Users\夏宇\AppData\Local\Microsoft\WindowsApps;D:\microsoft internet download\PyCharm Community Edition 2019.3.2\bin;;D:\microsoft internet download\Intellij IDEA\IntelliJ IDEA Community Edition 2019.3.1\bin;;D:\microsoft internet download\Microsoft VS Code\bin;."/>
    <property name="maven.conf" value="D:\microsoft internet download\Intellij IDEA\IntelliJ IDEA Community Edition 2019.3.1\plugins\maven\lib\maven3/conf"/>
    <property name="java.specification.name" value="Java Platform API Specification"/>
    <property name="java.class.version" value="52.0"/>
    <property name="sun.management.compiler" value="HotSpot 64-Bit Tiered Compilers"/>
    <property name="os.version" value="10.0"/>
    <property name="idea.version2019.3.1" value="true"/>
    <property name="user.home" value="C:\Users\夏宇"/>
    <property name="user.timezone" value="Asia/Shanghai"/>
    <property name="java.awt.printerjob" value="sun.awt.windows.WPrinterJob"/>
    <property name="java.specification.version" value="1.8"/>
    <property name="file.encoding" value="UTF-8"/>
    <property name="user.name" value="夏宇"/>
    <property name="java.class.path" value="D:\microsoft internet download\Intellij IDEA\IntelliJ IDEA Community Edition 2019.3.1\plugins\maven\lib\maven3\boot\plexus-classworlds-2.6.0.jar;D:\microsoft internet download\Intellij IDEA\IntelliJ IDEA Community Edition 2019.3.1\lib\idea_rt.jar"/>
    <property name="java.vm.specification.version" value="1.8"/>
    <property name="sun.arch.data.model" value="64"/>
    <property name="java.home" value="C:\Program Files\Java\jdk1.8.0_251\jre"/>
    <property name="sun.java.command" value="org.codehaus.classworlds.Launcher -Didea.version2019.3.1 verify"/>
    <property name="java.specification.vendor" value="Oracle Corporation"/>
    <property name="user.language" value="zh"/>
    <property name="awt.toolkit" value="sun.awt.windows.WToolkit"/>
    <property name="java.vm.info" value="mixed mode"/>
    <property name="java.version" value="1.8.0_251"/>
    <property name="java.ext.dirs" value="C:\Program Files\Java\jdk1.8.0_251\jre\lib\ext;C:\Windows\Sun\Java\lib\ext"/>
    <property name="sun.boot.class.path" value="C:\Program Files\Java\jdk1.8.0_251\jre\lib\resources.jar;C:\Program Files\Java\jdk1.8.0_251\jre\lib\rt.jar;C:\Program Files\Java\jdk1.8.0_251\jre\lib\sunrsasign.jar;C:\Program Files\Java\jdk1.8.0_251\jre\lib\jsse.jar;C:\Program Files\Java\jdk1.8.0_251\jre\lib\jce.jar;C:\Program Files\Java\jdk1.8.0_251\jre\lib\charsets.jar;C:\Program Files\Java\jdk1.8.0_251\jre\lib\jfr.jar;C:\Program Files\Java\jdk1.8.0_251\jre\classes"/>
    <property name="java.vendor" value="Oracle Corporation"/>
    <property name="maven.home" value="D:\microsoft internet download\Intellij IDEA\IntelliJ IDEA Community Edition 2019.3.1\plugins\maven\lib\maven3"/>
    <property name="file.separator" value="\"/>
    <property name="java.vendor.url.bug" value="http://bugreport.sun.com/bugreport/"/>
    <property name="sun.cpu.endian" value="little"/>
    <property name="sun.io.unicode.encoding" value="UnicodeLittle"/>
    <property name="sun.desktop" value="windows"/>
    <property name="sun.cpu.isalist" value="amd64"/>
  </properties>
  <testcase classname="com.njuse.seecjvm.InterpreterTest" name="testConditions" time="0.756"/>
  <testcase classname="com.njuse.seecjvm.InterpreterTest" name="testJmp" time="0.167"/>
  <testcase classname="com.njuse.seecjvm.InterpreterTest" name="testMath" time="0.248"/>
  <testcase classname="com.njuse.seecjvm.InterpreterTest" name="testConversion" time="0.165">
    <error type="java.lang.RuntimeException">java.lang.RuntimeException
	at com.njuse.seecjvm.instructions.invoke.INVOKE_STATIC.execute(INVOKE_STATIC.java:33)
	at com.njuse.seecjvm.execution.Interpreter.loop(Interpreter.java:56)
	at com.njuse.seecjvm.execution.Interpreter.interpret(Interpreter.java:22)
	at com.njuse.seecjvm.InterpreterTest.execTest(InterpreterTest.java:58)
	at com.njuse.seecjvm.InterpreterTest.testConversion(InterpreterTest.java:45)
	at sun.reflect.NativeMethodAccessorImpl.invoke0(Native Method)
	at sun.reflect.NativeMethodAccessorImpl.invoke(NativeMethodAccessorImpl.java:62)
	at sun.reflect.DelegatingMethodAccessorImpl.invoke(DelegatingMethodAccessorImpl.java:43)
	at java.lang.reflect.Method.invoke(Method.java:498)
	at org.junit.runners.model.FrameworkMethod$1.runReflectiveCall(FrameworkMethod.java:50)
	at org.junit.internal.runners.model.ReflectiveCallable.run(ReflectiveCallable.java:12)
	at org.junit.runners.model.FrameworkMethod.invokeExplosively(FrameworkMethod.java:47)
	at org.junit.internal.runners.statements.InvokeMethod.evaluate(InvokeMethod.java:17)
	at org.junit.internal.runners.statements.RunBefores.evaluate(RunBefores.java:26)
	at org.junit.runners.ParentRunner.runLeaf(ParentRunner.java:325)
	at org.junit.runners.BlockJUnit4ClassRunner.runChild(BlockJUnit4ClassRunner.java:78)
	at org.junit.runners.BlockJUnit4ClassRunner.runChild(BlockJUnit4ClassRunner.java:57)
	at org.junit.runners.ParentRunner$3.run(ParentRunner.java:290)
	at org.junit.runners.ParentRunner$1.schedule(ParentRunner.java:71)
	at org.junit.runners.ParentRunner.runChildren(ParentRunner.java:288)
	at org.junit.runners.ParentRunner.access$000(ParentRunner.java:58)
	at org.junit.runners.ParentRunner$2.evaluate(ParentRunner.java:268)
	at org.junit.runners.ParentRunner.run(ParentRunner.java:363)
	at org.apache.maven.surefire.junit4.JUnit4Provider.execute(JUnit4Provider.java:252)
	at org.apache.maven.surefire.junit4.JUnit4Provider.executeTestSet(JUnit4Provider.java:141)
	at org.apache.maven.surefire.junit4.JUnit4Provider.invoke(JUnit4Provider.java:112)
	at sun.reflect.NativeMethodAccessorImpl.invoke0(Native Method)
	at sun.reflect.NativeMethodAccessorImpl.invoke(NativeMethodAccessorImpl.java:62)
	at sun.reflect.DelegatingMethodAccessorImpl.invoke(DelegatingMethodAccessorImpl.java:43)
	at java.lang.reflect.Method.invoke(Method.java:498)
	at org.apache.maven.surefire.util.ReflectionUtils.invokeMethodWithArray(ReflectionUtils.java:189)
	at org.apache.maven.surefire.booter.ProviderFactory$ProviderProxy.invoke(ProviderFactory.java:165)
	at org.apache.maven.surefire.booter.ProviderFactory.invokeProvider(ProviderFactory.java:85)
	at org.apache.maven.surefire.booter.ForkedBooter.runSuitesInProcess(ForkedBooter.java:115)
	at org.apache.maven.surefire.booter.ForkedBooter.main(ForkedBooter.java:75)
</error>
    <system-out>After LDC exec:
&amp;#27;[33m    Methods in current thread:&amp;#27;[0m
    ConversionTest : main

&amp;#27;[33m    Contents in operand stack:&amp;#27;[0m
    value = 1082088489

&amp;#27;[33m    Contents in local var:&amp;#27;[0m

&amp;#27;[36mNext frame doesn&apos;t change.Method is still ConversionTest : main&amp;#27;[0m
&amp;#27;[34m----------------------------------------------------------------------&amp;#27;[0m
After LDC2_W exec:
&amp;#27;[33m    Methods in current thread:&amp;#27;[0m
    ConversionTest : main

&amp;#27;[33m    Contents in operand stack:&amp;#27;[0m
    value = 1082088489
    value = 515396076
    value = 1074785157

&amp;#27;[33m    Contents in local var:&amp;#27;[0m

&amp;#27;[36mNext frame doesn&apos;t change.Method is still ConversionTest : main&amp;#27;[0m
&amp;#27;[34m----------------------------------------------------------------------&amp;#27;[0m
After LDC2_W exec:
&amp;#27;[33m    Methods in current thread:&amp;#27;[0m
    ConversionTest : main

&amp;#27;[33m    Contents in operand stack:&amp;#27;[0m
    value = 1082088489
    value = 515396076
    value = 1074785157
    value = 0
    value = 1105199104

&amp;#27;[33m    Contents in local var:&amp;#27;[0m

&amp;#27;[36mNext frame doesn&apos;t change.Method is still ConversionTest : main&amp;#27;[0m
&amp;#27;[34m----------------------------------------------------------------------&amp;#27;[0m
After LDC exec:
&amp;#27;[33m    Methods in current thread:&amp;#27;[0m
    ConversionTest : main

&amp;#27;[33m    Contents in operand stack:&amp;#27;[0m
    value = 1082088489
    value = 515396076
    value = 1074785157
    value = 0
    value = 1105199104
    value = 1325400064

&amp;#27;[33m    Contents in local var:&amp;#27;[0m

&amp;#27;[36mNext frame doesn&apos;t change.Method is still ConversionTest : main&amp;#27;[0m
&amp;#27;[34m----------------------------------------------------------------------&amp;#27;[0m
After INVOKE_STATIC exec:
&amp;#27;[33m    Methods in current thread:&amp;#27;[0m
    ConversionTest : main

&amp;#27;[33m    Contents in operand stack:&amp;#27;[0m
    value = 1082088489
    value = 515396076
    value = 1074785157
    value = 0
    value = 1105199104
    value = 1325400064

&amp;#27;[33m    Contents in local var:&amp;#27;[0m

&amp;#27;[36mNext frame doesn&apos;t change.Method is still ConversionTest : main&amp;#27;[0m
&amp;#27;[34m----------------------------------------------------------------------&amp;#27;[0m
After INVOKE_STATIC exec:
&amp;#27;[33m    Methods in current thread:&amp;#27;[0m
    ConversionTest : main
    ConversionTest : test

&amp;#27;[33m    Contents in operand stack:&amp;#27;[0m

&amp;#27;[33m    Contents in local var:&amp;#27;[0m

&amp;#27;[31mNext frame changed.Method is ConversionTest : test&amp;#27;[0m
&amp;#27;[34m----------------------------------------------------------------------&amp;#27;[0m
After DLOAD_N exec:
&amp;#27;[33m    Methods in current thread:&amp;#27;[0m
    ConversionTest : main
    ConversionTest : test

&amp;#27;[33m    Contents in operand stack:&amp;#27;[0m
    value = 515396076
    value = 1074785157

&amp;#27;[33m    Contents in local var:&amp;#27;[0m
    value = 1082088489
    value = 515396076
    value = 1074785157
    value = 0
    value = 1105199104
    value = 1325400064

&amp;#27;[36mNext frame doesn&apos;t change.Method is still ConversionTest : test&amp;#27;[0m
&amp;#27;[34m----------------------------------------------------------------------&amp;#27;[0m
After D2F exec:
&amp;#27;[33m    Methods in current thread:&amp;#27;[0m
    ConversionTest : main
    ConversionTest : test

&amp;#27;[33m    Contents in operand stack:&amp;#27;[0m
    value = 1585946632

&amp;#27;[33m    Contents in local var:&amp;#27;[0m
    value = 1082088489
    value = 515396076
    value = 1074785157
    value = 0
    value = 1105199104
    value = 1325400064

&amp;#27;[36mNext frame doesn&apos;t change.Method is still ConversionTest : test&amp;#27;[0m
&amp;#27;[34m----------------------------------------------------------------------&amp;#27;[0m
After FSTORE exec:
&amp;#27;[33m    Methods in current thread:&amp;#27;[0m
    ConversionTest : main
    ConversionTest : test

&amp;#27;[33m    Contents in operand stack:&amp;#27;[0m

&amp;#27;[33m    Contents in local var:&amp;#27;[0m
    value = 1082088489
    value = 515396076
    value = 1074785157
    value = 0
    value = 1105199104
    value = 1325400064
    value = 1585946632

&amp;#27;[36mNext frame doesn&apos;t change.Method is still ConversionTest : test&amp;#27;[0m
&amp;#27;[34m----------------------------------------------------------------------&amp;#27;[0m
After FLOAD_N exec:
&amp;#27;[33m    Methods in current thread:&amp;#27;[0m
    ConversionTest : main
    ConversionTest : test

&amp;#27;[33m    Contents in operand stack:&amp;#27;[0m
    value = 1082088489

&amp;#27;[33m    Contents in local var:&amp;#27;[0m
    value = 1082088489
    value = 515396076
    value = 1074785157
    value = 0
    value = 1105199104
    value = 1325400064
    value = 1585946632

&amp;#27;[36mNext frame doesn&apos;t change.Method is still ConversionTest : test&amp;#27;[0m
&amp;#27;[34m----------------------------------------------------------------------&amp;#27;[0m
After FSTORE exec:
&amp;#27;[33m    Methods in current thread:&amp;#27;[0m
    ConversionTest : main
    ConversionTest : test

&amp;#27;[33m    Contents in operand stack:&amp;#27;[0m

&amp;#27;[33m    Contents in local var:&amp;#27;[0m
    value = 1082088489
    value = 515396076
    value = 1074785157
    value = 0
    value = 1105199104
    value = 1325400064
    value = 1585946632
    value = 1082088489

&amp;#27;[36mNext frame doesn&apos;t change.Method is still ConversionTest : test&amp;#27;[0m
&amp;#27;[34m----------------------------------------------------------------------&amp;#27;[0m
After FLOAD exec:
&amp;#27;[33m    Methods in current thread:&amp;#27;[0m
    ConversionTest : main
    ConversionTest : test

&amp;#27;[33m    Contents in operand stack:&amp;#27;[0m
    value = 1585946632

&amp;#27;[33m    Contents in local var:&amp;#27;[0m
    value = 1082088489
    value = 515396076
    value = 1074785157
    value = 0
    value = 1105199104
    value = 1325400064
    value = 1585946632
    value = 1082088489

&amp;#27;[36mNext frame doesn&apos;t change.Method is still ConversionTest : test&amp;#27;[0m
&amp;#27;[34m----------------------------------------------------------------------&amp;#27;[0m
After FLOAD exec:
&amp;#27;[33m    Methods in current thread:&amp;#27;[0m
    ConversionTest : main
    ConversionTest : test

&amp;#27;[33m    Contents in operand stack:&amp;#27;[0m
    value = 1585946632
    value = 1082088489

&amp;#27;[33m    Contents in local var:&amp;#27;[0m
    value = 1082088489
    value = 515396076
    value = 1074785157
    value = 0
    value = 1105199104
    value = 1325400064
    value = 1585946632
    value = 1082088489

&amp;#27;[36mNext frame doesn&apos;t change.Method is still ConversionTest : test&amp;#27;[0m
&amp;#27;[34m----------------------------------------------------------------------&amp;#27;[0m
</system-out>
  </testcase>
</testsuite>